SF:lib\data\model\air_quality_details_item_components_model.dart
DA:18,1
DA:19,1
DA:20,1
DA:21,1
DA:22,1
DA:23,1
DA:24,1
DA:25,1
DA:26,1
DA:27,1
DA:30,1
DA:41,1
DA:43,1
LF:13
LH:13
end_of_record
SF:lib\data\model\air_quality_details_item_components_model.g.dart
DA:9,1
DA:11,1
DA:12,2
DA:13,2
DA:14,2
DA:15,2
DA:16,2
DA:17,2
DA:18,2
DA:19,2
LF:10
LH:10
end_of_record
SF:lib\data\model\air_quality_details_item_model.dart
DA:13,1
DA:14,1
DA:15,1
DA:16,1
DA:19,1
DA:24,1
DA:25,1
LF:7
LH:7
end_of_record
SF:lib\data\model\air_quality_details_item_model.g.dart
DA:9,1
DA:11,1
DA:12,1
DA:13,1
DA:14,1
LF:5
LH:5
end_of_record
SF:lib\data\model\air_quality_model.dart
DA:14,1
DA:15,1
DA:16,1
DA:19,1
DA:23,1
DA:24,1
DA:26,1
DA:27,2
DA:29,1
DA:30,2
DA:31,2
DA:32,2
DA:33,2
DA:34,2
DA:35,2
DA:36,2
DA:37,2
LF:17
LH:17
end_of_record
SF:lib\data\model\air_quality_model.g.dart
DA:9,1
DA:10,1
DA:11,1
DA:12,2
DA:13,1
DA:14,1
LF:6
LH:6
end_of_record
SF:lib\domain\entities\air_quality_entity.dart
DA:13,1
DA:14,1
DA:15,1
DA:16,1
DA:17,1
DA:18,1
DA:19,1
DA:20,1
DA:21,1
DA:22,1
DA:25,1
LF:11
LH:11
end_of_record
SF:lib\data\model\weather_status_model.dart
DA:29,1
DA:30,2
DA:32,1
DA:33,1
DA:34,1
DA:35,1
DA:36,1
DA:37,1
DA:38,1
DA:41,1
DA:43,1
DA:44,1
DA:45,1
DA:46,3
DA:47,2
DA:49,1
DA:50,1
DA:52,1
DA:53,1
DA:54,1
DA:55,1
DA:56,1
DA:57,1
DA:58,1
DA:62,1
DA:63,2
DA:65,2
DA:67,2
DA:69,2
DA:71,2
DA:73,1
DA:75,2
DA:78,1
DA:82,1
DA:83,2
DA:85,1
DA:86,2
DA:88,1
DA:89,2
LF:39
LH:39
end_of_record
SF:lib\data\model\weather_status_model.g.dart
DA:9,1
DA:10,1
DA:11,1
DA:12,1
DA:13,2
DA:14,1
LF:6
LH:6
end_of_record
SF:lib\data\model\weather_status_type_model.dart
DA:13,1
DA:20,1
DA:21,1
LF:3
LH:3
end_of_record
SF:lib\data\model\weather_status_type_model.g.dart
DA:9,1
DA:11,1
DA:12,1
DA:13,1
DA:14,1
DA:15,1
LF:6
LH:6
end_of_record
SF:lib\domain\entities\weather_status_entity.dart
DA:11,1
DA:12,1
DA:13,1
DA:14,1
DA:15,1
DA:16,1
DA:17,1
DA:20,1
LF:8
LH:8
end_of_record
SF:lib\presentation\pages\homePage\home_page.dart
DA:11,1
DA:15,1
DA:16,1
DA:22,0
DA:24,0
DA:25,0
DA:28,0
DA:29,0
DA:30,0
DA:31,0
DA:32,0
DA:33,0
DA:35,0
DA:36,0
DA:38,0
DA:44,0
DA:46,0
DA:47,0
DA:48,0
DA:50,0
DA:51,0
DA:52,0
DA:53,0
DA:56,0
DA:57,0
DA:64,0
DA:65,0
DA:66,0
DA:67,0
DA:69,0
DA:71,0
DA:72,0
DA:74,0
DA:75,0
DA:76,0
DA:82,0
DA:86,0
DA:87,0
DA:88,0
DA:94,0
DA:95,0
DA:96,0
DA:100,0
DA:101,0
DA:102,0
LF:45
LH:3
end_of_record
SF:lib\data\repository\get_air_quaility_repository_impl.dart
DA:15,0
DA:18,0
DA:20,0
DA:21,0
DA:22,0
DA:24,0
DA:25,0
DA:27,0
DA:30,0
DA:31,0
DA:32,0
DA:34,0
LF:12
LH:0
end_of_record
SF:lib\domain\entities\location_entity.dart
DA:5,0
LF:1
LH:0
end_of_record
SF:lib\infra\constants\air_api_constants.dart
DA:6,0
LF:1
LH:0
end_of_record
SF:lib\data\repository\get_location_repository_impl.dart
DA:8,0
DA:25,0
DA:27,0
DA:30,0
DA:31,0
DA:32,0
DA:33,0
DA:34,0
DA:38,0
DA:39,0
DA:43,0
DA:45,0
DA:46,0
DA:47,0
LF:14
LH:0
end_of_record
SF:lib\data\repository\get_weather_status_repository_impl.dart
DA:18,0
DA:21,0
DA:23,0
DA:24,0
DA:25,0
DA:27,0
DA:28,0
DA:30,0
DA:33,0
DA:34,0
DA:35,0
DA:37,0
LF:12
LH:0
end_of_record
SF:lib\data\usecase\get_location_usecase_impl.dart
DA:11,0
DA:14,0
DA:16,0
DA:19,0
DA:20,0
DA:21,0
DA:22,0
DA:23,0
DA:24,0
DA:29,0
DA:30,0
DA:31,0
DA:36,0
DA:38,0
DA:39,0
DA:40,0
DA:41,0
DA:45,0
DA:46,0
DA:48,0
DA:49,0
DA:50,0
DA:56,0
DA:58,0
DA:60,0
DA:62,0
DA:64,0
DA:65,0
DA:70,0
DA:71,0
DA:72,0
DA:73,0
DA:74,0
DA:75,0
DA:80,0
DA:82,0
DA:83,0
DA:86,0
DA:87,0
DA:91,0
DA:92,0
LF:41
LH:0
end_of_record
SF:lib\domain\entities\usecase_response_entity.dart
DA:4,0
DA:6,0
DA:8,0
DA:12,0
DA:14,0
DA:18,0
DA:19,0
DA:20,0
DA:21,0
LF:9
LH:0
end_of_record
SF:lib\data\usecase\get_weather_usecase_impl.dart
DA:16,0
DA:24,0
DA:27,0
DA:28,0
DA:29,0
DA:31,0
DA:32,0
DA:39,0
DA:40,0
DA:42,0
DA:43,0
DA:44,0
LF:12
LH:0
end_of_record
SF:lib\domain\entities\weather_entity.dart
DA:10,0
LF:1
LH:0
end_of_record
SF:lib\domain\entities\gas_area_item_entity.dart
DA:7,0
LF:1
LH:0
end_of_record
SF:lib\domain\entities\gas_statistics_entity.dart
DA:7,0
DA:8,0
DA:9,0
DA:10,0
DA:11,0
DA:12,0
DA:16,1
LF:7
LH:1
end_of_record
SF:lib\domain\entities\homePageStates\home_page_state.dart
DA:5,0
DA:6,0
DA:7,0
DA:9,0
LF:4
LH:0
end_of_record
SF:lib\domain\entities\homePageStates\initial_home_page_state.dart
DA:7,0
DA:8,0
DA:9,0
DA:12,1
DA:16,0
DA:20,0
DA:21,0
LF:7
LH:1
end_of_record
SF:lib\domain\entities\homePageStates\loaded_home_page_state.dart
DA:10,0
DA:11,0
DA:12,0
DA:13,0
DA:16,0
DA:21,0
DA:25,0
DA:26,0
DA:27,0
LF:9
LH:0
end_of_record
SF:lib\domain\entities\homePageStates\loading_home_page_state.dart
DA:7,0
DA:8,0
DA:9,0
DA:12,1
DA:16,0
DA:20,0
DA:21,0
LF:7
LH:1
end_of_record
SF:lib\infra\constants\gas_statistics_constants.dart
DA:47,0
DA:49,0
DA:51,0
DA:53,0
DA:55,0
DA:57,0
DA:59,0
DA:61,0
LF:8
LH:0
end_of_record
SF:lib\presentation\pages\homePage\home_page_controller.dart
DA:19,0
DA:22,0
DA:26,0
DA:27,0
DA:30,0
DA:31,0
DA:32,0
DA:33,0
DA:34,0
DA:35,0
DA:36,0
DA:37,0
DA:41,0
DA:42,0
DA:43,0
DA:44,0
DA:49,0
DA:50,0
DA:51,0
DA:52,0
DA:53,0
DA:54,0
DA:60,0
DA:61,0
DA:62,0
DA:63,0
DA:69,0
DA:70,0
LF:28
LH:0
end_of_record
SF:lib\infra\injections\injectable.dart
DA:6,3
DA:8,0
DA:13,0
LF:3
LH:1
end_of_record
SF:lib\presentation\widgets\graph_area.dart
DA:7,0
DA:12,0
DA:14,0
DA:16,0
DA:17,0
DA:18,0
DA:19,0
DA:20,0
DA:23,0
LF:9
LH:0
end_of_record
SF:lib\presentation\widgets\bar_graph.dart
DA:10,0
DA:16,0
DA:17,0
DA:26,0
DA:28,0
DA:29,0
DA:32,0
DA:33,0
DA:34,0
DA:35,0
DA:40,0
DA:43,0
DA:46,0
DA:48,0
DA:49,0
DA:50,0
DA:51,0
DA:52,0
DA:54,0
DA:56,0
DA:59,0
DA:60,0
DA:61,0
DA:63,0
DA:64,0
DA:68,0
DA:69,0
DA:70,0
DA:72,0
DA:73,0
DA:74,0
DA:77,0
DA:78,0
DA:82,0
DA:83,0
DA:84,0
DA:85,0
DA:86,0
DA:87,0
DA:92,0
DA:94,0
DA:95,0
DA:96,0
DA:97,0
DA:102,0
DA:107,0
DA:113,0
DA:115,0
DA:116,0
LF:49
LH:0
end_of_record
